<?xml version="1.0" encoding="UTF-8"?>
<testsuite xmlns:xsi="http://www.w3.org/2001/XMLSchema-instance" xsi:noNamespaceSchemaLocation="https://maven.apache.org/surefire/maven-surefire-plugin/xsd/surefire-test-report-3.0.xsd" version="3.0" name="com.example.TwitterHTTPalert.TwitterHttPalertApplicationTests" time="8.07" tests="1" errors="0" skipped="0" failures="0">
  <properties>
[...]
</properties>
  <testcase name="contextLoads" classname="com.example.TwitterHTTPalert.TwitterHttPalertApplicationTests" time="0.663">
    <system-out><![CDATA[14:31:57.312 [main] INFO org.springframework.test.context.support.AnnotationConfigContextLoaderUtils -- Could not detect default configuration classes for test class [com.example.TwitterHTTPalert.TwitterHttPalertApplicationTests]: TwitterHttPalertApplicationTests does not declare any static, non-private, non-final, nested classes annotated with @Configuration.
14:31:57.498 [main] INFO org.springframework.boot.test.context.SpringBootTestContextBootstrapper -- Found @SpringBootConfiguration com.example.TwitterHTTPalert.TwitterHttPalertApplication for test class com.example.TwitterHTTPalert.TwitterHttPalertApplicationTests

  .   ____          _            __ _ _
 /\\ / ___'_ __ _ _(_)_ __  __ _ \ \ \ \
( ( )\___ | '_ | '_| | '_ \/ _` | \ \ \ \
 \\/  ___)| |_)| | | | | || (_| |  ) ) ) )
  '  |____| .__|_| |_|_| |_\__, | / / / /
 =========|_|==============|___/=/_/_/_/

 :: Spring Boot ::                (v3.3.2)

2024-08-25T14:31:58.156-04:00  WARN 22916 --- [           main] ory$DuplicateJsonObjectContextCustomizer : 

Found multiple occurrences of org.json.JSONObject on the class path:

	jar:file:/C:/Users/Test/.m2/repository/com/vaadin/external/google/android-json/0.0.20131108.vaadin1/android-json-0.0.20131108.vaadin1.jar!/org/json/JSONObject.class
	jar:file:/C:/Users/Test/.m2/repository/org/json/json/20210307/json-20210307.jar!/org/json/JSONObject.class

You may wish to exclude one of them to ensure predictable runtime behavior

2024-08-25T14:31:58.196-04:00  INFO 22916 --- [           main] c.e.T.TwitterHttPalertApplicationTests   : Starting TwitterHttPalertApplicationTests using Java 21.0.1 with PID 22916 (started by Test in C:\Users\Test\Desktop\TwitterBackend\Twitter-API-integration-V2.0-PCKE)
2024-08-25T14:31:58.197-04:00  INFO 22916 --- [           main] c.e.T.TwitterHttPalertApplicationTests   : No active profile set, falling back to 1 default profile: "default"
2024-08-25T14:31:59.335-04:00  INFO 22916 --- [           main] .s.d.r.c.RepositoryConfigurationDelegate : Bootstrapping Spring Data JPA repositories in DEFAULT mode.
2024-08-25T14:31:59.430-04:00  INFO 22916 --- [           main] .s.d.r.c.RepositoryConfigurationDelegate : Finished Spring Data repository scanning in 79 ms. Found 3 JPA repository interfaces.
2024-08-25T14:31:59.852-04:00  WARN 22916 --- [           main] trationDelegate$BeanPostProcessorChecker : Bean 'org.springframework.ws.config.annotation.DelegatingWsConfiguration' of type [org.springframework.ws.config.annotation.DelegatingWsConfiguration$$SpringCGLIB$$0] is not eligible for getting processed by all BeanPostProcessors (for example: not eligible for auto-proxying). The currently created BeanPostProcessor [annotationActionEndpointMapping] is declared through a non-static factory method on that class; consider declaring it as static instead.
2024-08-25T14:31:59.915-04:00  INFO 22916 --- [           main] .w.s.a.s.AnnotationActionEndpointMapping : Supporting [WS-Addressing August 2004, WS-Addressing 1.0]
2024-08-25T14:32:00.234-04:00  INFO 22916 --- [           main] o.hibernate.jpa.internal.util.LogHelper  : HHH000204: Processing PersistenceUnitInfo [name: default]
2024-08-25T14:32:00.334-04:00  INFO 22916 --- [           main] org.hibernate.Version                    : HHH000412: Hibernate ORM core version 6.5.2.Final
2024-08-25T14:32:00.395-04:00  INFO 22916 --- [           main] o.h.c.internal.RegionFactoryInitiator    : HHH000026: Second-level cache disabled
2024-08-25T14:32:00.958-04:00  INFO 22916 --- [           main] o.s.o.j.p.SpringPersistenceUnitInfo      : No LoadTimeWeaver setup: ignoring JPA class transformer
2024-08-25T14:32:01.007-04:00  INFO 22916 --- [           main] com.zaxxer.hikari.HikariDataSource       : HikariPool-1 - Starting...
2024-08-25T14:32:01.588-04:00  INFO 22916 --- [           main] com.zaxxer.hikari.pool.HikariPool        : HikariPool-1 - Added connection com.mysql.cj.jdbc.ConnectionImpl@6c2883b1
2024-08-25T14:32:01.591-04:00  INFO 22916 --- [           main] com.zaxxer.hikari.HikariDataSource       : HikariPool-1 - Start completed.
2024-08-25T14:32:02.841-04:00  INFO 22916 --- [           main] o.h.e.t.j.p.i.JtaPlatformInitiator       : HHH000489: No JTA platform available (set 'hibernate.transaction.jta.platform' to enable JTA platform integration)
Hibernate: create table auth_alpacaapi (id bigint not null auto_increment, client_id varchar(255), client_secret varchar(255), redirect_uri varchar(255), scope varchar(255), primary key (id)) engine=InnoDB
Hibernate: create table application_login (id bigint not null auto_increment, full_name varchar(255), password varchar(255), username varchar(255), primary key (id)) engine=InnoDB
Hibernate: create table auth_twitterapi (id bigint not null auto_increment, bearer_token varchar(255), client_id varchar(255), client_secret varchar(255), consumer_key varchar(255), consumer_secret varchar(255), redirect_uri varchar(255), access_token varchar(255), code_challenge varchar(255), code_verifier varchar(255), scope varchar(255), primary key (id)) engine=InnoDB
2024-08-25T14:32:03.019-04:00  INFO 22916 --- [           main] j.LocalContainerEntityManagerFactoryBean : Initialized JPA EntityManagerFactory for persistence unit 'default'
2024-08-25T14:32:03.732-04:00  WARN 22916 --- [           main] JpaBaseConfiguration$JpaWebConfiguration : spring.jpa.open-in-view is enabled by default. Therefore, database queries may be performed during view rendering. Explicitly configure spring.jpa.open-in-view to disable this warning
2024-08-25T14:32:04.439-04:00  INFO 22916 --- [           main] c.e.T.TwitterHttPalertApplicationTests   : Started TwitterHttPalertApplicationTests in 6.699 seconds (process running for 8.55)
]]></system-out>
    <system-err><![CDATA[WARNING: A Java agent has been loaded dynamically (C:\Users\Test\.m2\repository\net\bytebuddy\byte-buddy-agent\1.14.18\byte-buddy-agent-1.14.18.jar)
WARNING: If a serviceability tool is in use, please run with -XX:+EnableDynamicAgentLoading to hide this warning
WARNING: If a serviceability tool is not in use, please run with -Djdk.instrument.traceUsage for more information
WARNING: Dynamic loading of agents will be disallowed by default in a future release
]]></system-err>
  </testcase>
</testsuite>